[19:09:05] [main/INFO]: Setting user: Player197
[19:09:07] [Client thread/INFO]: LWJGL Version: 2.9.1
[19:09:16] [Client thread/INFO]: Reloading ResourceManager: Default, FMLFileResourcePack:Forge Mod Loader, FMLFileResourcePack:Minecraft Forge, FMLFileResourcePack:TougherTools
[19:09:18] [Sound Library Loader/INFO]: Sound engine started
[19:09:20] [Client thread/INFO]: Created: 512x256 textures/blocks-atlas
[19:09:20] [Client thread/INFO]: Created: 512x256 textures/items-atlas
[19:09:21] [Client thread/INFO]: Reloading ResourceManager: Default, FMLFileResourcePack:Forge Mod Loader, FMLFileResourcePack:Minecraft Forge, FMLFileResourcePack:TougherTools
[19:09:21] [Client thread/INFO]: Created: 512x256 textures/blocks-atlas
[19:09:21] [Client thread/INFO]: Created: 512x256 textures/items-atlas
[19:09:22] [Sound Library Loader/INFO]: Sound engine started
[19:09:31] [Server thread/INFO]: Starting integrated minecraft server version 1.7.10
[19:09:31] [Server thread/INFO]: Generating keypair
[19:09:31] [Server thread/INFO]: Preparing start region for level 0
[19:09:32] [Server thread/INFO]: Changing view distance to 12, from 10
[19:09:33] [Server thread/INFO]: Player197[local:E:c0fa70ac] logged in with entity id 28 at (1024.3316757100001, 57.0, -2462.3289489509857)
[19:09:33] [Server thread/INFO]: Player197 joined the game
[19:09:36] [Server thread/INFO]: Player197 has just earned the achievement [Taking Inventory]
[19:09:36] [Client thread/INFO]: [CHAT] Player197 has just earned the achievement [Taking Inventory]
[19:09:48] [Server thread/INFO]: Saving and pausing game...
[19:09:48] [Server thread/INFO]: Saving chunks for level 'LOL'/Overworld
[19:09:48] [Server thread/INFO]: Saving chunks for level 'LOL'/Nether
[19:09:48] [Server thread/INFO]: Saving chunks for level 'LOL'/The End
[19:10:51] [Server thread/INFO]: Saving and pausing game...
[19:10:52] [Server thread/INFO]: Saving chunks for level 'LOL'/Overworld
[19:10:52] [Server thread/INFO]: Saving chunks for level 'LOL'/Nether
[19:10:52] [Server thread/INFO]: Saving chunks for level 'LOL'/The End
[19:10:52] [Server thread/INFO]: Stopping server
[19:10:52] [Server thread/INFO]: Saving players
[19:10:52] [Server thread/INFO]: Saving worlds
[19:10:52] [Server thread/INFO]: Saving chunks for level 'LOL'/Overworld
[19:10:52] [Server thread/INFO]: Saving chunks for level 'LOL'/Nether
[19:10:52] [Server thread/INFO]: Saving chunks for level 'LOL'/The End
[19:10:53] [Client thread/INFO]: Stopping!
