#
# A fatal error has been detected by the Java Runtime Environment:
#
#  EXCEPTION_ACCESS_VIOLATION (0xc0000005) at pc=0x000000001cb81066, pid=2988, tid=4072
#
# JRE version: Java(TM) SE Runtime Environment (8.0_45-b15) (build 1.8.0_45-b15)
# Java VM: Java HotSpot(TM) 64-Bit Server VM (25.45-b02 mixed mode windows-amd64 compressed oops)
# Problematic frame:
# C  [OpenAL64.dll+0x11066]
#
# Failed to write core dump. Minidumps are not enabled by default on client versions of Windows
#
# If you would like to submit a bug report, please visit:
#   http://bugreport.java.com/bugreport/crash.jsp
# The crash happened outside the Java Virtual Machine in native code.
# See problematic frame for where to report the bug.
#

---------------  T H R E A D  ---------------

Current thread (0x00000000192c5800):  JavaThread "Thread-8" [_thread_in_native, id=4072, stack(0x0000000021e00000,0x0000000021f00000)]

siginfo: ExceptionCode=0xc0000005, reading address 0x000000001b031004

Registers:
RAX=0x0000000000000001, RBX=0x000000002b390090, RCX=0x000000001b031008, RDX=0x000000001b031004
RSP=0x0000000021efef40, RBP=0x00000000000000ff, RSI=0x000000001b02af8c, RDI=0x0000000000000000
R8 =0x000000000000181e, R9 =0x000000001b02af8c, R10=0x0000000002705e08, R11=0x0000000050fa7ca0
R12=0x0000000000000001, R13=0x0000000020b434a0, R14=0x0000000021eff0d8, R15=0x00000000192c5800
RIP=0x000000001cb81066, EFLAGS=0x0000000000010202

Top of Stack: (sp=0x0000000021efef40)
0x0000000021efef40:   0000000000000000 0000000050e4b50b
0x0000000021efef50:   00000000192c5800 00000000192c5800
0x0000000021efef60:   0000000020b434a0 0000000000000000
0x0000000021efef70:   00000000192c5800 000000001c6517a0
0x0000000021efef80:   0000000020b434a0 0000000021eff0d8
0x0000000021efef90:   0000000019344050 0000000050e39816
0x0000000021efefa0:   0000000021eff748 00000000177ed550
0x0000000021efefb0:   00000000192c5800 0000000021eff0d8
0x0000000021efefc0:   0000000020b434a0 0000000000000000
0x0000000021efefd0:   000000001b02af8c 0000000094cd25f8
0x0000000021efefe0:   0000000021eff0a0 000000001cb8248f
0x0000000021efeff0:   000000002b390090 000000002b390090
0x0000000021eff000:   000000000000ac44 0000000000000001
0x0000000021eff010:   0000000000000010 0000000002705e34
0x0000000021eff020:   0000000020b434a0 0000000002705b9d
0x0000000021eff030:   00000000192c5800 0000000020b434a0 

Instructions: (pc=0x000000001cb81066)
0x000000001cb81046:   41 2b ec 81 3a 03 00 02 00 75 09 8b 01 89 84 24
0x000000001cb81056:   c8 00 00 00 49 83 c0 02 48 83 c1 08 4a 8d 14 86
0x000000001cb81066:   39 3a 75 af 4c 8d 84 24 c0 00 00 00 48 8d 15 d7
0x000000001cb81076:   2b 03 00 33 c9 e8 58 5f 00 00 b8 40 1f 00 00 4c 


Register to memory mapping:

RAX=0x0000000000000001 is an unknown value
RBX=0x000000002b390090 is an unknown value
RCX=0x000000001b031008 is an unknown value
RDX=0x000000001b031004 is an unknown value
RSP=0x0000000021efef40 is pointing into the stack for thread: 0x00000000192c5800
RBP=0x00000000000000ff is an unknown value
RSI=0x000000001b02af8c is an unknown value
RDI=0x0000000000000000 is an unknown value
R8 =0x000000000000181e is an unknown value
R9 =0x000000001b02af8c is an unknown value
R10=0x0000000002705e08 is at code_begin+840 in an Interpreter codelet
method entry point (kind = native)  [0x0000000002705ac0, 0x0000000002706420]  2400 bytes
R11=0x0000000050fa7ca0 is an unknown value
R12=0x0000000000000001 is an unknown value
R13={method} {0x0000000020b434a8} 'nalcCreateContext' '(JJ)J' in 'org/lwjgl/openal/ALC10'
R14=0x0000000021eff0d8 is pointing into the stack for thread: 0x00000000192c5800
R15=0x00000000192c5800 is a thread


Stack: [0x0000000021e00000,0x0000000021f00000],  sp=0x0000000021efef40,  free space=1019k
Native frames: (J=compiled Java code, j=interpreted, Vv=VM code, C=native code)
C  [OpenAL64.dll+0x11066]
C  [OpenAL64.dll+0x1248f]
C  0x0000000002705e34

Java frames: (J=compiled Java code, j=interpreted, Vv=VM code)
j  org.lwjgl.openal.ALC10.nalcCreateContext(JJ)J+0
j  org.lwjgl.openal.ALC10.alcCreateContext(Lorg/lwjgl/openal/ALCdevice;Ljava/nio/IntBuffer;)Lorg/lwjgl/openal/ALCcontext;+8
j  org.lwjgl.openal.AL.init(Ljava/lang/String;IIZZ)V+69
j  org.lwjgl.openal.AL.create(Ljava/lang/String;IIZZ)V+227
j  org.lwjgl.openal.AL.create(Ljava/lang/String;IIZ)V+5
j  org.lwjgl.openal.AL.create()V+6
j  paulscode.sound.libraries.LibraryLWJGLOpenAL.init()V+2
j  paulscode.sound.SoundSystem.CommandNewLibrary(Ljava/lang/Class;)V+273
j  paulscode.sound.SoundSystem.CommandQueue(Lpaulscode/sound/CommandObject;)Z+1206
j  paulscode.sound.CommandThread.run()V+51
v  ~StubRoutines::call_stub

---------------  P R O C E S S  ---------------

Java Threads: ( => current thread )
  0x0000000019911800 JavaThread "Thread-9" [_thread_blocked, id=4276, stack(0x0000000023000000,0x0000000023100000)]
=>0x00000000192c5800 JavaThread "Thread-8" [_thread_in_native, id=4072, stack(0x0000000021e00000,0x0000000021f00000)]
  0x000000001ac7c000 JavaThread "Sound Library Loader" [_thread_blocked, id=4328, stack(0x0000000021d00000,0x0000000021e00000)]
  0x000000001ec88800 JavaThread "Forge Version Check" [_thread_in_native, id=4368, stack(0x0000000020990000,0x0000000020a90000)]
  0x0000000018a62000 JavaThread "LWJGL Timer" daemon [_thread_blocked, id=1612, stack(0x0000000027a20000,0x0000000027b20000)]
  0x000000001a4d1000 JavaThread "Thread-6" [_thread_blocked, id=7652, stack(0x000000001f410000,0x000000001f510000)]
  0x000000001e9a9000 JavaThread "Java2D Disposer" daemon [_thread_blocked, id=6308, stack(0x000000001b2d0000,0x000000001b3d0000)]
  0x000000001b035800 JavaThread "Timer hack thread" daemon [_thread_blocked, id=7000, stack(0x000000001b440000,0x000000001b540000)]
  0x0000000019784800 JavaThread "Snooper Timer" daemon [_thread_blocked, id=6020, stack(0x000000001b790000,0x000000001b890000)]
  0x0000000018415000 JavaThread "Monitor Ctrl-Break" daemon [_thread_in_native, id=3440, stack(0x0000000018c50000,0x0000000018d50000)]
  0x0000000017807000 JavaThread "Service Thread" daemon [_thread_blocked, id=7324, stack(0x0000000018170000,0x0000000018270000)]
  0x00000000177ae000 JavaThread "C1 CompilerThread2" daemon [_thread_blocked, id=7196, stack(0x0000000018070000,0x0000000018170000)]
  0x00000000177ac000 JavaThread "C2 CompilerThread1" daemon [_thread_in_native, id=3032, stack(0x0000000017f70000,0x0000000018070000)]
  0x00000000177a7800 JavaThread "C2 CompilerThread0" daemon [_thread_in_native, id=2964, stack(0x0000000017e70000,0x0000000017f70000)]
  0x00000000177a4800 JavaThread "Attach Listener" daemon [_thread_blocked, id=2900, stack(0x0000000017d70000,0x0000000017e70000)]
  0x000000001779f000 JavaThread "Signal Dispatcher" daemon [_thread_blocked, id=4492, stack(0x0000000017c70000,0x0000000017d70000)]
  0x000000001779e800 JavaThread "Surrogate Locker Thread (Concurrent GC)" daemon [_thread_blocked, id=4028, stack(0x0000000017b70000,0x0000000017c70000)]
  0x0000000016c63800 JavaThread "Finalizer" daemon [_thread_blocked, id=1136, stack(0x0000000017670000,0x0000000017770000)]
  0x0000000016c5d000 JavaThread "Reference Handler" daemon [_thread_blocked, id=5268, stack(0x0000000017570000,0x0000000017670000)]
  0x0000000002317000 JavaThread "Client thread" [_thread_in_vm_trans, id=6960, stack(0x0000000002210000,0x0000000002310000)]

Other Threads:
  0x0000000016c56000 VMThread [stack: 0x0000000017470000,0x0000000017570000] [id=7616]
  0x0000000017809800 WatcherThread [stack: 0x0000000018270000,0x0000000018370000] [id=3972]

VM state:not at safepoint (normal execution)

VM Mutex/Monitor currently owned by a thread: None

Heap:
 par new generation   total 306688K, used 234955K [0x0000000080000000, 0x0000000094cc0000, 0x0000000094cc0000)
  eden space 272640K,  73% used [0x0000000080000000, 0x000000008c432ce8, 0x0000000090a40000)
  from space 34048K, 100% used [0x0000000090a40000, 0x0000000092b80000, 0x0000000092b80000)
  to   space 34048K,   0% used [0x0000000092b80000, 0x0000000092b80000, 0x0000000094cc0000)
 concurrent mark-sweep generation total 1756416K, used 54911K [0x0000000094cc0000, 0x0000000100000000, 0x0000000100000000)
 Metaspace       used 28541K, capacity 28823K, committed 29272K, reserved 1075200K
  class space    used 3551K, capacity 3633K, committed 3708K, reserved 1048576K

Card table byte_map: [0x0000000011eb0000,0x00000000122c0000] byte_map_base: 0x0000000011ab0000

Marking Bits: (CMSBitMap*) 0x000000000236fb58
 Bits: [0x0000000012a60000, 0x000000001452d000)

Mod Union Table: (CMSBitMap*) 0x000000000236fc18
 Bits: [0x0000000002150000, 0x00000000021bb340)

Polling page: 0x00000000008c0000

CodeCache: size=245760Kb used=11429Kb max_used=13173Kb free=234330Kb
 bounds [0x00000000026f0000, 0x00000000033e0000, 0x00000000116f0000]
 total_blobs=3829 nmethods=3192 adapters=549
 compilation: enabled

Compilation events (10 events):
Event: 20.709 Thread 0x00000000177ae000 4002       2       java.lang.Throwable::<init> (34 bytes)
Event: 20.709 Thread 0x00000000177ae000 nmethod 4002 0x0000000002af4990 code [0x0000000002af4b00, 0x0000000002af4d08]
Event: 20.710 Thread 0x00000000177ae000 4003       2       java.util.StringTokenizer::nextToken (92 bytes)
Event: 20.711 Thread 0x00000000177ae000 nmethod 4003 0x0000000002a35f50 code [0x0000000002a360e0, 0x0000000002a36398]
Event: 20.711 Thread 0x00000000177ae000 4004   !   2       java.lang.StringCoding$StringEncoder::encode (179 bytes)
Event: 20.713 Thread 0x00000000177ae000 nmethod 4004 0x00000000029eac10 code [0x00000000029eae60, 0x00000000029eb9a8]
Event: 20.715 Thread 0x00000000177ae000 4005       2       java.lang.Exception::<init> (6 bytes)
Event: 20.715 Thread 0x00000000177ae000 nmethod 4005 0x000000000283d4d0 code [0x000000000283d640, 0x000000000283d848]
Event: 20.728 Thread 0x00000000177ac000 nmethod 3695 0x0000000002bc1890 code [0x0000000002bc1d00, 0x0000000002bc6600]
Event: 20.729 Thread 0x00000000177ac000 4001       4       org.objectweb.asm.ClassWriter::toByteArray (1289 bytes)

GC Heap History (10 events):
Event: 1.318 GC heap before
{Heap before GC invocations=0 (full 0):
 par new generation   total 306688K, used 60018K [0x0000000080000000, 0x0000000094cc0000, 0x0000000094cc0000)
  eden space 272640K,  22% used [0x0000000080000000, 0x0000000083a9cbc0, 0x0000000090a40000)
  from space 34048K,   0% used [0x0000000090a40000, 0x0000000090a40000, 0x0000000092b80000)
  to   space 34048K,   0% used [0x0000000092b80000, 0x0000000092b80000, 0x0000000094cc0000)
 concurrent mark-sweep generation total 1756416K, used 0K [0x0000000094cc0000, 0x0000000100000000, 0x0000000100000000)
 Metaspace       used 10292K, capacity 10388K, committed 10496K, reserved 1058816K
  class space    used 1220K, capacity 1237K, committed 1280K, reserved 1048576K
Event: 1.357 GC heap after
Heap after GC invocations=1 (full 1):
 par new generation   total 306688K, used 0K [0x0000000080000000, 0x0000000094cc0000, 0x0000000094cc0000)
  eden space 272640K,   0% used [0x0000000080000000, 0x0000000080000000, 0x0000000090a40000)
  from space 34048K,   0% used [0x0000000090a40000, 0x0000000090a40000, 0x0000000092b80000)
  to   space 34048K,   0% used [0x0000000092b80000, 0x0000000092b80000, 0x0000000094cc0000)
 concurrent mark-sweep generation total 1756416K, used 5814K [0x0000000094cc0000, 0x0000000100000000, 0x0000000100000000)
 Metaspace       used 10292K, capacity 10388K, committed 10496K, reserved 1058816K
  class space    used 1220K, capacity 1237K, committed 1280K, reserved 1048576K
}
Event: 7.295 GC heap before
{Heap before GC invocations=1 (full 2):
 par new generation   total 306688K, used 272640K [0x0000000080000000, 0x0000000094cc0000, 0x0000000094cc0000)
  eden space 272640K, 100% used [0x0000000080000000, 0x0000000090a40000, 0x0000000090a40000)
  from space 34048K,   0% used [0x0000000090a40000, 0x0000000090a40000, 0x0000000092b80000)
  to   space 34048K,   0% used [0x0000000092b80000, 0x0000000092b80000, 0x0000000094cc0000)
 concurrent mark-sweep generation total 1756416K, used 5814K [0x0000000094cc0000, 0x0000000100000000, 0x0000000100000000)
 Metaspace       used 17197K, capacity 17438K, committed 17792K, reserved 1064960K
  class space    used 2024K, capacity 2112K, committed 2176K, reserved 1048576K
Event: 7.316 GC heap after
Heap after GC invocations=2 (full 2):
 par new generation   total 306688K, used 23102K [0x0000000080000000, 0x0000000094cc0000, 0x0000000094cc0000)
  eden space 272640K,   0% used [0x0000000080000000, 0x0000000080000000, 0x0000000090a40000)
  from space 34048K,  67% used [0x0000000092b80000, 0x000000009420f860, 0x0000000094cc0000)
  to   space 34048K,   0% used [0x0000000090a40000, 0x0000000090a40000, 0x0000000092b80000)
 concurrent mark-sweep generation total 1756416K, used 5814K [0x0000000094cc0000, 0x0000000100000000, 0x0000000100000000)
 Metaspace       used 17197K, capacity 17438K, committed 17792K, reserved 1064960K
  class space    used 2024K, capacity 2112K, committed 2176K, reserved 1048576K
}
Event: 10.726 GC heap before
{Heap before GC invocations=2 (full 2):
 par new generation   total 306688K, used 295742K [0x0000000080000000, 0x0000000094cc0000, 0x0000000094cc0000)
  eden space 272640K, 100% used [0x0000000080000000, 0x0000000090a40000, 0x0000000090a40000)
  from space 34048K,  67% used [0x0000000092b80000, 0x000000009420f860, 0x0000000094cc0000)
  to   space 34048K,   0% used [0x0000000090a40000, 0x0000000090a40000, 0x0000000092b80000)
 concurrent mark-sweep generation total 1756416K, used 3340K [0x0000000094cc0000, 0x0000000100000000, 0x0000000100000000)
 Metaspace       used 24202K, capacity 24429K, committed 24872K, reserved 1071104K
  class space    used 2977K, capacity 3048K, committed 3120K, reserved 1048576K
Event: 10.781 GC heap after
Heap after GC invocations=3 (full 2):
 par new generation   total 306688K, used 15565K [0x0000000080000000, 0x0000000094cc0000, 0x0000000094cc0000)
  eden space 272640K,   0% used [0x0000000080000000, 0x0000000080000000, 0x0000000090a40000)
  from space 34048K,  45% used [0x0000000090a40000, 0x0000000091973748, 0x0000000092b80000)
  to   space 34048K,   0% used [0x0000000092b80000, 0x0000000092b80000, 0x0000000094cc0000)
 concurrent mark-sweep generation total 1756416K, used 23067K [0x0000000094cc0000, 0x0000000100000000, 0x0000000100000000)
 Metaspace       used 24202K, capacity 24429K, committed 24872K, reserved 1071104K
  class space    used 2977K, capacity 3048K, committed 3120K, reserved 1048576K
}
Event: 15.499 GC heap before
{Heap before GC invocations=3 (full 2):
 par new generation   total 306688K, used 288205K [0x0000000080000000, 0x0000000094cc0000, 0x0000000094cc0000)
  eden space 272640K, 100% used [0x0000000080000000, 0x0000000090a40000, 0x0000000090a40000)
  from space 34048K,  45% used [0x0000000090a40000, 0x0000000091973748, 0x0000000092b80000)
  to   space 34048K,   0% used [0x0000000092b80000, 0x0000000092b80000, 0x0000000094cc0000)
 concurrent mark-sweep generation total 1756416K, used 22324K [0x0000000094cc0000, 0x0000000100000000, 0x0000000100000000)
 Metaspace       used 25639K, capacity 25843K, committed 26200K, reserved 1073152K
  class space    used 3119K, capacity 3177K, committed 3196K, reserved 1048576K
Event: 15.528 GC heap after
Heap after GC invocations=4 (full 2):
 par new generation   total 306688K, used 32847K [0x0000000080000000, 0x0000000094cc0000, 0x0000000094cc0000)
  eden space 272640K,   0% used [0x0000000080000000, 0x0000000080000000, 0x0000000090a40000)
  from space 34048K,  96% used [0x0000000092b80000, 0x0000000094b93d70, 0x0000000094cc0000)
  to   space 34048K,   0% used [0x0000000090a40000, 0x0000000090a40000, 0x0000000092b80000)
 concurrent mark-sweep generation total 1756416K, used 22324K [0x0000000094cc0000, 0x0000000100000000, 0x0000000100000000)
 Metaspace       used 25639K, capacity 25843K, committed 26200K, reserved 1073152K
  class space    used 3119K, capacity 3177K, committed 3196K, reserved 1048576K
}
Event: 18.341 GC heap before
{Heap before GC invocations=4 (full 2):
 par new generation   total 306688K, used 305487K [0x0000000080000000, 0x0000000094cc0000, 0x0000000094cc0000)
  eden space 272640K, 100% used [0x0000000080000000, 0x0000000090a40000, 0x0000000090a40000)
  from space 34048K,  96% used [0x0000000092b80000, 0x0000000094b93d70, 0x0000000094cc0000)
  to   space 34048K,   0% used [0x0000000090a40000, 0x0000000090a40000, 0x0000000092b80000)
 concurrent mark-sweep generation total 1756416K, used 22324K [0x0000000094cc0000, 0x0000000100000000, 0x0000000100000000)
 Metaspace       used 25688K, capacity 25907K, committed 26200K, reserved 1073152K
  class space    used 3119K, capacity 3177K, committed 3196K, reserved 1048576K
Event: 18.404 GC heap after
Heap after GC invocations=5 (full 2):
 par new generation   total 306688K, used 34048K [0x0000000080000000, 0x0000000094cc0000, 0x0000000094cc0000)
  eden space 272640K,   0% used [0x0000000080000000, 0x0000000080000000, 0x0000000090a40000)
  from space 34048K, 100% used [0x0000000090a40000, 0x0000000092b80000, 0x0000000092b80000)
  to   space 34048K,   0% used [0x0000000092b80000, 0x0000000092b80000, 0x0000000094cc0000)
 concurrent mark-sweep generation total 1756416K, used 54911K [0x0000000094cc0000, 0x0000000100000000, 0x0000000100000000)
 Metaspace       used 25688K, capacity 25907K, committed 26200K, reserved 1073152K
  class space    used 3119K, capacity 3177K, committed 3196K, reserved 1048576K
}

Deoptimization events (10 events):
Event: 19.923 Thread 0x0000000002317000 Uncommon trap: reason=unstable_if action=reinterpret pc=0x00000000032e199c method=java.util.HashMap.putMapEntries(Ljava/util/Map;Z)V @ 15
Event: 20.021 Thread 0x0000000002317000 Uncommon trap: reason=unstable_if action=reinterpret pc=0x00000000033300e0 method=org.objectweb.asm.MethodWriter.<init>(Lorg/objectweb/asm/ClassWriter;ILjava/lang/String;Ljava/lang/String;Ljava/lang/String;[Ljava/lang/String;ZZ)V @ 180
Event: 20.021 Thread 0x0000000002317000 Uncommon trap: reason=unstable_if action=reinterpret pc=0x0000000002e74440 method=org.objectweb.asm.MethodWriter.visitVarInsn(II)V @ 15
Event: 20.021 Thread 0x0000000002317000 Uncommon trap: reason=unstable_if action=reinterpret pc=0x0000000002f08854 method=org.objectweb.asm.MethodWriter.visitFieldInsn(ILjava/lang/String;Ljava/lang/String;Ljava/lang/String;)V @ 28
Event: 20.021 Thread 0x0000000002317000 Uncommon trap: reason=unstable_if action=reinterpret pc=0x0000000002e6d494 method=org.objectweb.asm.MethodWriter.visitInsn(I)V @ 24
Event: 20.021 Thread 0x0000000002317000 Uncommon trap: reason=unstable_if action=reinterpret pc=0x0000000002e714c0 method=org.objectweb.asm.MethodWriter.visitMaxs(II)V @ 627
Event: 20.081 Thread 0x000000001ec88800 Uncommon trap: reason=bimorphic action=maybe_recompile pc=0x0000000002b4cf28 method=java.net.URL.<init>(Ljava/net/URL;Ljava/lang/String;Ljava/net/URLStreamHandler;)V @ 504
Event: 20.132 Thread 0x000000001ec88800 Uncommon trap: reason=unstable_if action=reinterpret pc=0x0000000002a474a0 method=java.net.URI.match(CJJ)Z @ 45
Event: 20.134 Thread 0x000000001ec88800 Uncommon trap: reason=unstable_if action=reinterpret pc=0x000000000321bc48 method=java.lang.ThreadLocal.get()Ljava/lang/Object; @ 11
Event: 20.395 Thread 0x0000000002317000 Uncommon trap: reason=bimorphic action=maybe_recompile pc=0x00000000032f8e64 method=java.util.regex.Matcher.match(II)Z @ 86

Internal exceptions (10 events):
Event: 20.719 Thread 0x00000000192c5800 Exception <a 'org/lwjgl/LWJGLException'> (0x000000008c3caa08) thrown at [C:\re\workspace\8-2-build-windows-amd64-cygwin\jdk8u45\3627\hotspot\src\share\vm\prims\jni.cpp, line 709]
Event: 20.719 Thread 0x00000000192c5800 Exception <a 'org/lwjgl/LWJGLException'> (0x000000008c3cb000) thrown at [C:\re\workspace\8-2-build-windows-amd64-cygwin\jdk8u45\3627\hotspot\src\share\vm\prims\jni.cpp, line 709]
Event: 20.719 Thread 0x00000000192c5800 Exception <a 'org/lwjgl/LWJGLException'> (0x000000008c3cb640) thrown at [C:\re\workspace\8-2-build-windows-amd64-cygwin\jdk8u45\3627\hotspot\src\share\vm\prims\jni.cpp, line 709]
Event: 20.720 Thread 0x00000000192c5800 Exception <a 'org/lwjgl/LWJGLException'> (0x000000008c3cbc38) thrown at [C:\re\workspace\8-2-build-windows-amd64-cygwin\jdk8u45\3627\hotspot\src\share\vm\prims\jni.cpp, line 709]
Event: 20.720 Thread 0x00000000192c5800 Exception <a 'org/lwjgl/LWJGLException'> (0x000000008c3cc170) thrown at [C:\re\workspace\8-2-build-windows-amd64-cygwin\jdk8u45\3627\hotspot\src\share\vm\prims\jni.cpp, line 709]
Event: 20.720 Thread 0x00000000192c5800 Exception <a 'org/lwjgl/LWJGLException'> (0x000000008c3cc730) thrown at [C:\re\workspace\8-2-build-windows-amd64-cygwin\jdk8u45\3627\hotspot\src\share\vm\prims\jni.cpp, line 709]
Event: 20.720 Thread 0x00000000192c5800 Exception <a 'org/lwjgl/LWJGLException'> (0x000000008c3ccca0) thrown at [C:\re\workspace\8-2-build-windows-amd64-cygwin\jdk8u45\3627\hotspot\src\share\vm\prims\jni.cpp, line 709]
Event: 20.720 Thread 0x00000000192c5800 Exception <a 'org/lwjgl/LWJGLException'> (0x000000008c3cd270) thrown at [C:\re\workspace\8-2-build-windows-amd64-cygwin\jdk8u45\3627\hotspot\src\share\vm\prims\jni.cpp, line 709]
Event: 20.720 Thread 0x00000000192c5800 Exception <a 'org/lwjgl/LWJGLException'> (0x000000008c3cd7b8) thrown at [C:\re\workspace\8-2-build-windows-amd64-cygwin\jdk8u45\3627\hotspot\src\share\vm\prims\jni.cpp, line 709]
Event: 20.721 Thread 0x00000000192c5800 Exception <a 'org/lwjgl/LWJGLException'> (0x000000008c3cdd30) thrown at [C:\re\workspace\8-2-build-windows-amd64-cygwin\jdk8u45\3627\hotspot\src\share\vm\prims\jni.cpp, line 709]

Events (10 events):
Event: 20.730 loading class org/lwjgl/openal/ALC10
Event: 20.730 loading class org/lwjgl/openal/ALC10 done
Event: 20.739 loading class org/lwjgl/openal/ALCdevice
Event: 20.739 loading class org/lwjgl/openal/ALCdevice done
Event: 20.741 loading class org/lwjgl/openal/ALCcontext
Event: 20.741 loading class org/lwjgl/openal/ALCcontext done
Event: 20.743 loading class org/lwjgl/openal/Util
Event: 20.743 loading class org/lwjgl/openal/Util done
Event: 20.744 loading class org/lwjgl/openal/OpenALException
Event: 20.744 loading class org/lwjgl/openal/OpenALException done


Dynamic libraries:
0x000007f6796e0000 - 0x000007f679717000 	C:\Program Files\Java\jdk1.8.0_45\bin\java.exe
0x000007fca1bf0000 - 0x000007fca1dae000 	C:\Windows\SYSTEM32\ntdll.dll
0x000007fca11d0000 - 0x000007fca1307000 	C:\Windows\system32\KERNEL32.DLL
0x000007fc9ee70000 - 0x000007fc9ef64000 	C:\Windows\system32\KERNELBASE.dll
0x000007fca0bd0000 - 0x000007fca0cae000 	C:\Windows\system32\ADVAPI32.dll
0x000007fc9f4e0000 - 0x000007fc9f62c000 	C:\Windows\system32\USER32.dll
0x000007fc9c360000 - 0x000007fc9c5ca000 	C:\Windows\WinSxS\amd64_microsoft.windows.common-controls_6595b64144ccf1df_6.0.9200.17359_none_4188b989718cf1c6\COMCTL32.dll
0x000007fc9f390000 - 0x000007fc9f435000 	C:\Windows\system32\msvcrt.dll
0x000007fc9f490000 - 0x000007fc9f4d8000 	C:\Windows\SYSTEM32\sechost.dll
0x000007fca0d20000 - 0x000007fca0e65000 	C:\Windows\system32\RPCRT4.dll
0x000007fca1370000 - 0x000007fca14b1000 	C:\Windows\system32\GDI32.dll
0x000007fca1bb0000 - 0x000007fca1be9000 	C:\Windows\system32\IMM32.DLL
0x000007fca0a00000 - 0x000007fca0b15000 	C:\Windows\system32\MSCTF.dll
0x0000000051a60000 - 0x0000000051b32000 	C:\Program Files\Java\jdk1.8.0_45\jre\bin\msvcr100.dll
0x0000000050d80000 - 0x0000000051603000 	C:\Program Files\Java\jdk1.8.0_45\jre\bin\server\jvm.dll
0x000007fc97420000 - 0x000007fc97429000 	C:\Windows\SYSTEM32\WSOCK32.dll
0x000007fc9afd0000 - 0x000007fc9aff0000 	C:\Windows\SYSTEM32\WINMM.dll
0x000007fc9cad0000 - 0x000007fc9cad9000 	C:\Windows\SYSTEM32\VERSION.dll
0x000007fc9f630000 - 0x000007fc9f637000 	C:\Windows\system32\PSAPI.DLL
0x000007fca1310000 - 0x000007fca1368000 	C:\Windows\system32\WS2_32.dll
0x000007fc9af70000 - 0x000007fc9afa3000 	C:\Windows\SYSTEM32\WINMMBASE.dll
0x000007fc9f1f0000 - 0x000007fc9f1f9000 	C:\Windows\system32\NSI.dll
0x000007fc9ef70000 - 0x000007fc9efbf000 	C:\Windows\SYSTEM32\cfgmgr32.dll
0x000007fc9ed90000 - 0x000007fc9edb2000 	C:\Windows\system32\DEVOBJ.dll
0x0000000052e60000 - 0x0000000052e6f000 	C:\Program Files\Java\jdk1.8.0_45\jre\bin\verify.dll
0x0000000051b60000 - 0x0000000051b89000 	C:\Program Files\Java\jdk1.8.0_45\jre\bin\java.dll
0x0000000051a40000 - 0x0000000051a56000 	C:\Program Files\Java\jdk1.8.0_45\jre\bin\zip.dll
0x000007fc9f640000 - 0x000007fca0925000 	C:\Windows\system32\SHELL32.dll
0x000007fca1020000 - 0x000007fca11d0000 	C:\Windows\SYSTEM32\combase.dll
0x000007fc9f440000 - 0x000007fc9f490000 	C:\Windows\system32\SHLWAPI.dll
0x000007fc9cbc0000 - 0x000007fc9cc56000 	C:\Windows\SYSTEM32\SHCORE.dll
0x000007fc9eb10000 - 0x000007fc9eb25000 	C:\Windows\system32\profapi.dll
0x000007fc9bcb0000 - 0x000007fc9bcc0000 	C:\Program Files (x86)\JetBrains\IntelliJ IDEA Community Edition 14.1.4\bin\breakgen64.dll
0x0000000051a20000 - 0x0000000051a3a000 	C:\Program Files\Java\jdk1.8.0_45\jre\bin\net.dll
0x000007fc9e2b0000 - 0x000007fc9e30c000 	C:\Windows\system32\mswsock.dll
0x0000000051a10000 - 0x0000000051a1d000 	C:\Program Files\Java\jdk1.8.0_45\jre\bin\management.dll
0x00000000519f0000 - 0x0000000051a01000 	C:\Program Files\Java\jdk1.8.0_45\jre\bin\nio.dll
0x000007fc95c10000 - 0x000007fc95c24000 	C:\Windows\system32\napinsp.dll
0x000007fc95c30000 - 0x000007fc95c48000 	C:\Windows\system32\pnrpnsp.dll
0x000007fc9d680000 - 0x000007fc9d696000 	C:\Windows\system32\NLAapi.dll
0x000007fc9e0f0000 - 0x000007fc9e18c000 	C:\Windows\SYSTEM32\DNSAPI.dll
0x000007fc95c50000 - 0x000007fc95c62000 	C:\Windows\System32\winrnr.dll
0x000007fc95e60000 - 0x000007fc95e74000 	C:\Windows\system32\wshbth.dll
0x0000000052ac0000 - 0x0000000052af5000 	C:\Program Files\Bonjour\mdnsNSP.dll
0x000007fc9a410000 - 0x000007fc9a43a000 	C:\Windows\SYSTEM32\Iphlpapi.DLL
0x000007fc9a400000 - 0x000007fc9a40a000 	C:\Windows\SYSTEM32\WINNSI.DLL
0x000007fc96980000 - 0x000007fc96988000 	C:\Windows\System32\rasadhlp.dll
0x000007fc99e70000 - 0x000007fc99ed1000 	C:\Windows\System32\fwpuclnt.dll
0x0000000180000000 - 0x0000000180051000 	C:\Users\Nathan\.gradle\caches\minecraft\net\minecraft\minecraft_natives\1.7.10\lwjgl64.dll
0x000007fc93490000 - 0x000007fc935af000 	C:\Windows\SYSTEM32\OPENGL32.dll
0x000007fc9b390000 - 0x000007fc9b3bc000 	C:\Windows\SYSTEM32\GLU32.dll
0x000007fc98100000 - 0x000007fc981ea000 	C:\Windows\SYSTEM32\DDRAW.dll
0x000007fc9ba20000 - 0x000007fc9ba28000 	C:\Windows\SYSTEM32\DCIMAN32.dll
0x000007fc9e310000 - 0x000007fc9e32a000 	C:\Windows\SYSTEM32\CRYPTSP.dll
0x000007fc9dfb0000 - 0x000007fc9dffb000 	C:\Windows\system32\rsaenh.dll
0x000007fc9eb90000 - 0x000007fc9ebaf000 	C:\Windows\system32\USERENV.dll
0x000007fc9e8a0000 - 0x000007fc9e8aa000 	C:\Windows\SYSTEM32\CRYPTBASE.dll
0x000007fc9e840000 - 0x000007fc9e89c000 	C:\Windows\SYSTEM32\bcryptPrimitives.dll
0x000007fc99c90000 - 0x000007fc99ca3000 	C:\Windows\SYSTEM32\dhcpcsvc6.DLL
0x000007fc99dd0000 - 0x000007fc99de8000 	C:\Windows\SYSTEM32\dhcpcsvc.DLL
0x0000000051850000 - 0x00000000519e8000 	C:\Program Files\Java\jdk1.8.0_45\jre\bin\awt.dll
0x000007fca0930000 - 0x000007fca09f3000 	C:\Windows\system32\OLEAUT32.dll
0x000007fc97e80000 - 0x000007fc97f1e000 	C:\Windows\system32\apphelp.dll
0x000007fc9d900000 - 0x000007fc9d9e6000 	C:\Windows\system32\uxtheme.dll
0x000007fc947c0000 - 0x000007fc94855000 	C:\Program Files\Common Files\microsoft shared\ink\tiptsf.dll
0x000007fc9d330000 - 0x000007fc9d351000 	C:\Windows\SYSTEM32\dwmapi.dll
0x000007fc78910000 - 0x000007fc793e9000 	C:\Windows\SYSTEM32\ig7icd64.dll
0x000007fca1750000 - 0x000007fca18ce000 	C:\Windows\system32\ole32.dll
0x000007fc9b320000 - 0x000007fc9b389000 	C:\Windows\SYSTEM32\oleacc.dll
0x000007fc8c960000 - 0x000007fc8c9f1000 	C:\Windows\SYSTEM32\mscms.dll
0x000007fc94d40000 - 0x000007fc94d80000 	C:\Windows\SYSTEM32\icm32.dll
0x000007fca0b30000 - 0x000007fca0bc6000 	C:\Windows\SYSTEM32\clbcatq.dll
0x0000000070a40000 - 0x0000000070adc000 	C:\Users\Nathan\.gradle\caches\minecraft\net\minecraft\minecraft_natives\1.7.10\avutil-ttv-51.dll
0x0000000065980000 - 0x00000000659d6000 	C:\Users\Nathan\.gradle\caches\minecraft\net\minecraft\minecraft_natives\1.7.10\swresample-ttv-0.dll
0x000000006eb80000 - 0x000000006ec50000 	C:\Users\Nathan\.gradle\caches\minecraft\net\minecraft\minecraft_natives\1.7.10\libmp3lame-ttv.dll
0x000007fc77560000 - 0x000007fc78904000 	C:\Users\Nathan\.gradle\caches\minecraft\net\minecraft\minecraft_natives\1.7.10\libmfxsw64.dll
0x000007fc8d370000 - 0x000007fc8d49b000 	C:\Users\Nathan\.gradle\caches\minecraft\net\minecraft\minecraft_natives\1.7.10\twitchsdk.dll
0x000007fc9efc0000 - 0x000007fc9f1ec000 	C:\Windows\system32\WININET.dll
0x000007fca14c0000 - 0x000007fca174e000 	C:\Windows\system32\iertutil.dll
0x000000001cb70000 - 0x000000001cbd4000 	C:\Users\Nathan\.gradle\caches\minecraft\net\minecraft\minecraft_natives\1.7.10\OpenAL64.dll
0x000007fc9bf30000 - 0x000007fc9bf92000 	C:\Windows\System32\MMDevApi.dll
0x000007fc95950000 - 0x000007fc959db000 	C:\Windows\SYSTEM32\dsound.dll
0x000007fc9ea00000 - 0x000007fc9ea43000 	C:\Windows\SYSTEM32\POWRPROF.dll
0x000007fc908d0000 - 0x000007fc90942000 	C:\Windows\SYSTEM32\AUDIOSES.DLL
0x000007fc9cc60000 - 0x000007fc9cdc3000 	C:\Windows\SYSTEM32\dbghelp.dll

VM Arguments:
jvm_args: -Xincgc -Xmx2048M -Xms2048M -Didea.launcher.port=7535 -Didea.launcher.bin.path=C:\Program Files (x86)\JetBrains\IntelliJ IDEA Community Edition 14.1.4\bin -Dfile.encoding=windows-1252 
java_command: com.intellij.rt.execution.application.AppMain GradleStart
java_class_path (initial): C:\Program Files\Java\jdk1.8.0_45\jre\lib\charsets.jar;C:\Program Files\Java\jdk1.8.0_45\jre\lib\deploy.jar;C:\Program Files\Java\jdk1.8.0_45\jre\lib\javaws.jar;C:\Program Files\Java\jdk1.8.0_45\jre\lib\jce.jar;C:\Program Files\Java\jdk1.8.0_45\jre\lib\jfr.jar;C:\Program Files\Java\jdk1.8.0_45\jre\lib\jfxswt.jar;C:\Program Files\Java\jdk1.8.0_45\jre\lib\jsse.jar;C:\Program Files\Java\jdk1.8.0_45\jre\lib\management-agent.jar;C:\Program Files\Java\jdk1.8.0_45\jre\lib\plugin.jar;C:\Program Files\Java\jdk1.8.0_45\jre\lib\resources.jar;C:\Program Files\Java\jdk1.8.0_45\jre\lib\rt.jar;C:\Program Files\Java\jdk1.8.0_45\jre\lib\ext\access-bridge-64.jar;C:\Program Files\Java\jdk1.8.0_45\jre\lib\ext\cldrdata.jar;C:\Program Files\Java\jdk1.8.0_45\jre\lib\ext\dnsns.jar;C:\Program Files\Java\jdk1.8.0_45\jre\lib\ext\jaccess.jar;C:\Program Files\Java\jdk1.8.0_45\jre\lib\ext\jfxrt.jar;C:\Program Files\Java\jdk1.8.0_45\jre\lib\ext\localedata.jar;C:\Program Files\Java\jdk1.8.0_45\jre\lib\ext\nashorn.jar;C:\Program Files\Java\jdk1.8.0_45\jre\lib\ext\sunec.jar;C:\Program Files\Java\jdk1.8.0_45\jre\lib\ext\sunjce_provider.jar;C:\Program Files\Java\jdk1.8.0_45\jre\lib\ext\sunmscapi.jar;C:\Program Files\Java\jdk1.8.0_45\jre\lib\ext\sunpkcs11.jar;C:\Program Files\Java\jdk1.8.0_45\jre\lib\ext\zipfs.jar;C:\Users\Nathan\Desktop\Minecraft_Mods\1.7\TougherTools\out\production\TougherTools;C:\Users\Nathan\.gradle\caches\minecraft\net\minecraftforge\forge\1.7.10-10.13.4.1448-1.7.10\forgeSrc-1.7.10-10.13.4.1448-1.7.10.jar;C:\Users\Nathan\.gradle\caches\modules-2\files-2.1\net.minecraft\launchwrapper\1.11\9c0592c6e1e9ea296a70948081bd4cc84dda1289\launchwrapper-1.11.jar;C:\Users\Nathan\.gradle\caches\modules-2\files-2.1\com.google.code.findbugs\jsr305\1.3.9\40719ea6961c0cb6afaeb6a921eaa1f6afd4cfdf\jsr305-1.3.9.jar;C:\Users\Nathan\.gradle\caches\modules-2\files-2.1\org.ow2.asm\asm-debug-all\5.0.3\f9e364ae2a66ce2a543012a4668856e84e5dab74\asm-debug-all-5.0.3.jar;C:\Users\Nat
Launcher Type: SUN_STANDARD

Environment Variables:
JAVA_HOME=C:\Program Files\Java\jdk1.8.0_45
USERNAME=Nathan
OS=Windows_NT
PROCESSOR_IDENTIFIER=Intel64 Family 6 Model 58 Stepping 9, GenuineIntel



---------------  S Y S T E M  ---------------

OS: Windows 8 , 64 bit Build 9200 (6.2.9200.16859)

CPU:total 4 (2 cores per cpu, 2 threads per core) family 6 model 58 stepping 9, cmov, cx8, fxsr, mmx, sse, sse2, sse3, ssse3, sse4.1, sse4.2, popcnt, avx, aes, clmul, erms, ht, tsc, tscinvbit, tscinv

Memory: 4k page, physical 4070676k(1823056k free), swap 9190676k(3575136k free)

vm_info: Java HotSpot(TM) 64-Bit Server VM (25.45-b02) for windows-amd64 JRE (1.8.0_45-b15), built on Apr 30 2015 12:40:44 by "java_re" with MS VC++ 10.0 (VS2010)

time: Sat Aug 15 11:01:50 2015
elapsed time: 20 seconds (0d 0h 0m 20s)

