[09:12:43] [main/INFO]: Setting user: Player659
[09:12:45] [Client thread/INFO]: LWJGL Version: 2.9.1
[09:12:56] [Client thread/INFO]: Reloading ResourceManager: Default, FMLFileResourcePack:Forge Mod Loader, FMLFileResourcePack:Minecraft Forge, FMLFileResourcePack:TougherTools
[09:12:58] [Sound Library Loader/INFO]: Sound engine started
[09:13:01] [Client thread/INFO]: Created: 512x256 textures/blocks-atlas
[09:13:01] [Client thread/INFO]: Created: 512x256 textures/items-atlas
[09:13:02] [Client thread/INFO]: Reloading ResourceManager: Default, FMLFileResourcePack:Forge Mod Loader, FMLFileResourcePack:Minecraft Forge, FMLFileResourcePack:TougherTools
[09:13:02] [Client thread/INFO]: Created: 512x256 textures/blocks-atlas
[09:13:02] [Client thread/INFO]: Created: 512x256 textures/items-atlas
[09:13:03] [Sound Library Loader/INFO]: Sound engine started
[09:13:23] [Server thread/INFO]: Starting integrated minecraft server version 1.7.10
[09:13:23] [Server thread/INFO]: Generating keypair
[09:13:23] [Server thread/INFO]: Converting map!
[09:13:23] [Server thread/INFO]: Scanning folders...
[09:13:23] [Server thread/INFO]: Total conversion count is 0
[09:13:24] [Server thread/INFO]: Preparing start region for level 0
[09:13:25] [Server thread/INFO]: Preparing spawn area: 7%
[09:13:26] [Server thread/INFO]: Preparing spawn area: 12%
[09:13:27] [Server thread/INFO]: Preparing spawn area: 20%
[09:13:28] [Server thread/INFO]: Preparing spawn area: 30%
[09:13:29] [Server thread/INFO]: Preparing spawn area: 42%
[09:13:30] [Server thread/INFO]: Preparing spawn area: 55%
[09:13:31] [Server thread/INFO]: Preparing spawn area: 69%
[09:13:32] [Server thread/INFO]: Preparing spawn area: 83%
[09:13:33] [Server thread/INFO]: Changing view distance to 12, from 10
[09:13:34] [Server thread/INFO]: Player659[local:E:a2cfa819] logged in with entity id 275 at (-34.5, 69.0, 279.5)
[09:13:34] [Server thread/INFO]: Player659 joined the game
[09:13:37] [Server thread/WARN]: Can't keep up! Did the system time change, or is the server overloaded? Running 2704ms behind, skipping 54 tick(s)
[09:13:38] [Server thread/INFO]: Player659 has just earned the achievement [Taking Inventory]
[09:13:39] [Client thread/INFO]: [CHAT] Player659 has just earned the achievement [Taking Inventory]
[09:13:41] [Client thread/INFO]: Warning: Clientside chunk ticking took 267 ms
[09:13:41] [Client thread/INFO]: Warning: Clientside chunk ticking took 214 ms
[09:13:42] [Client thread/INFO]: Warning: Clientside chunk ticking took 146 ms
[09:13:42] [Client thread/INFO]: Warning: Clientside chunk ticking took 265 ms
[09:13:48] [Client thread/INFO]: Warning: Clientside chunk ticking took 223 ms
[09:13:52] [Client thread/INFO]: Warning: Clientside chunk ticking took 138 ms
[09:14:05] [Server thread/WARN]: Can't keep up! Did the system time change, or is the server overloaded? Running 12472ms behind, skipping 249 tick(s)
[09:14:12] [Server thread/WARN]: Can't keep up! Did the system time change, or is the server overloaded? Running 2610ms behind, skipping 52 tick(s)
[09:14:30] [Server thread/WARN]: Can't keep up! Did the system time change, or is the server overloaded? Running 3764ms behind, skipping 75 tick(s)
[09:16:03] [Server thread/INFO]: [Player659: Given [Oak Wood] * 1 to Player659]
[09:16:03] [Server thread/INFO]: Player659 has just earned the achievement [Getting Wood]
[09:16:03] [Client thread/INFO]: [CHAT] Given [Oak Wood] * 1 to Player659
[09:16:03] [Client thread/INFO]: [CHAT] Player659 has just earned the achievement [Getting Wood]
[09:16:21] [Server thread/INFO]: Saving and pausing game...
[09:16:21] [Server thread/INFO]: Saving chunks for level 'New World'/Overworld
[09:16:22] [Server thread/INFO]: Saving chunks for level 'New World'/Nether
[09:16:22] [Server thread/INFO]: Saving chunks for level 'New World'/The End
[09:16:37] [Client thread/INFO]: Stopping!
[09:16:37] [Server thread/INFO]: Stopping server
[09:16:37] [Server thread/INFO]: Saving players
[09:16:37] [Server thread/INFO]: Saving worlds
[09:16:37] [Server thread/INFO]: Saving chunks for level 'New World'/Overworld
[09:16:37] [Server thread/INFO]: Saving chunks for level 'New World'/Nether
[09:16:37] [Server thread/INFO]: Saving chunks for level 'New World'/The End
